[11:29:21] [ServerMain/WARN]: resource-pack-id missing, using default of 717cc8b0-9da4-3868-8c70-5e5a7b7ee23b
[11:29:21] [ServerMain/INFO]: Environment: Environment[sessionHost=https://sessionserver.mojang.com, servicesHost=https://api.minecraftservices.com, name=PROD]
[11:29:23] [ServerMain/INFO]: Loaded 1174 recipes
[11:29:23] [ServerMain/INFO]: Loaded 1271 advancements
[11:29:23] [Server thread/INFO]: Starting minecraft server version 1.20.4
[11:29:23] [Server thread/INFO]: Loading properties
[11:29:23] [Server thread/INFO]: This server is running Purpur version git-Purpur-2176 (MC: 1.20.4) (Implementing API version 1.20.4-R0.1-SNAPSHOT) (Git: 6b1ee98 on HEAD)
[11:29:24] [Server thread/INFO]: Server Ping Player Sample Count: 12
[11:29:24] [Server thread/INFO]: Using 4 threads for Netty based IO
[11:29:24] [Server thread/INFO]: [ChunkTaskScheduler] Chunk system is using 1 I/O threads, 3 worker threads, and gen parallelism of 3 threads
[11:29:25] [Server thread/WARN]: [Pufferfish] Will not enable SIMD! These optimizations are only safely supported on Java 17 through Java 21.
[11:29:25] [Server thread/INFO]: Default game type: SURVIVAL
[11:29:25] [Server thread/INFO]: Generating keypair
[11:29:25] [Server thread/INFO]: Starting Minecraft server on *:25565
[11:29:25] [Server thread/INFO]: Using default channel type
[11:29:25] [Server thread/INFO]: Paper: Using Java compression from Velocity.
[11:29:25] [Server thread/INFO]: Paper: Using Java cipher from Velocity.
[11:29:25] [Server thread/INFO]: [floodgate] Loading server plugin floodgate v2.2.3-SNAPSHOT (b114-83fbd6e)
[11:29:26] [Server thread/INFO]: [floodgate] Took 639ms to boot Floodgate
[11:29:26] [Server thread/INFO]: [ViaVersion] Loading server plugin ViaVersion v5.2.0
[11:29:26] [Server thread/INFO]: [ViaVersion] ViaVersion 5.2.0 is now loaded. Registering protocol transformers and injecting...
[11:29:26] [Via-Mappingloader-0/INFO]: [ViaVersion] Loading block connection mappings ...
[11:29:27] [Via-Mappingloader-0/INFO]: [ViaVersion] Using FastUtil Long2ObjectOpenHashMap for block connections
[11:29:27] [Server thread/INFO]: [spark] Loading server plugin spark v1.10.121
[11:29:27] [Server thread/INFO]: [WorldEdit] Loading server plugin WorldEdit v7.3.9+6959-7adf70b
[11:29:27] [Server thread/INFO]: Got request to register class com.sk89q.worldedit.bukkit.BukkitServerInterface with WorldEdit [com.sk89q.worldedit.extension.platform.PlatformManager@3259801]
[11:29:27] [Server thread/INFO]: [Geyser-Spigot] Loading server plugin Geyser-Spigot v2.6.0-SNAPSHOT
[11:29:28] [Server thread/INFO]: [Geyser-Spigot] Loading extensions...
[11:29:28] [Server thread/INFO]: [Geyser-Spigot] Loaded 0 extension(s)
[11:29:28] [Server thread/INFO]: Server permissions file permissions.yml is empty, ignoring it
[11:29:28] [Server thread/INFO]: [WorldEdit] Enabling WorldEdit v7.3.9+6959-7adf70b
[11:29:28] [Server thread/INFO]: Registering commands with com.sk89q.worldedit.bukkit.BukkitServerInterface
[11:29:28] [Server thread/INFO]: WEPIF: Using the Bukkit Permissions API.
[11:29:28] [Server thread/INFO]: Using com.sk89q.worldedit.bukkit.adapter.impl.v1_20_R3.PaperweightAdapter as the Bukkit adapter
[11:29:29] [Server thread/WARN]: **** SERVER IS RUNNING IN OFFLINE/INSECURE MODE!
[11:29:29] [Server thread/WARN]: The server will make no attempt to authenticate usernames. Beware.
[11:29:29] [Server thread/WARN]: While this makes the game possible to play without internet access, it also opens up the ability for hackers to connect with any username they choose.
[11:29:29] [Server thread/WARN]: To change this, set "online-mode" to "true" in the server.properties file.
[11:29:29] [Server thread/INFO]: Preparing level "world"
[11:29:30] [Server thread/INFO]: Preparing start region for dimension minecraft:overworld
[11:29:31] [Server thread/INFO]: Time elapsed: 1035 ms
[11:29:31] [Server thread/INFO]: Preparing start region for dimension minecraft:the_nether
[11:29:31] [Server thread/INFO]: Time elapsed: 32 ms
[11:29:31] [Server thread/INFO]: Preparing start region for dimension minecraft:the_end
[11:29:31] [Server thread/INFO]: Time elapsed: 19 ms
[11:29:31] [Server thread/INFO]: [floodgate] Enabling floodgate v2.2.3-SNAPSHOT (b114-83fbd6e)
[11:29:32] [Server thread/INFO]: [ViaVersion] Enabling ViaVersion v5.2.0
[11:29:32] [Server thread/INFO]: [ViaVersion] ViaVersion detected server version: 1.20.3-1.20.4 (765)
[11:29:32] [Server thread/INFO]: [spark] Enabling spark v1.10.121
[11:29:32] [Server thread/INFO]: [spark] Using Paper ServerTickStartEvent for tick monitoring
[11:29:32] [Server thread/INFO]: [spark] Starting background profiler...
[11:29:32] [Server thread/INFO]: [spark] The async-profiler engine is not supported for your os/arch (windows11/amd64), so the built-in Java engine will be used instead.
[11:29:32] [Server thread/INFO]: [Geyser-Spigot] Enabling Geyser-Spigot v2.6.0-SNAPSHOT
[11:29:32] [Server thread/INFO]: [Geyser-Spigot] ******************************************
[11:29:32] [Server thread/INFO]: [Geyser-Spigot] 
[11:29:32] [Server thread/INFO]: [Geyser-Spigot] Loading Geyser version 2.6.0-b739 (git-master-623ec2b)
[11:29:32] [Server thread/INFO]: [Geyser-Spigot] 
[11:29:32] [Server thread/INFO]: [Geyser-Spigot] ******************************************
[11:29:35] [Server thread/INFO]: [Geyser-Spigot] Started Geyser on UDP port 19132
[11:29:35] [Server thread/INFO]: [Geyser-Spigot] Done (2.97s)! Run /geyser help for help!
[11:29:36] [Server thread/INFO]: Running delayed init tasks
[11:29:36] [Server thread/INFO]: Done (12.483s)! For help, type "help"
[11:29:36] [Craft Scheduler Thread - 1 - ViaVersion/INFO]: [ViaVersion] Finished mapping loading, shutting down loader executor.
[11:30:43] [Server thread/INFO]: Stopping server
[11:30:43] [Server thread/INFO]: [Geyser-Spigot] Disabling Geyser-Spigot v2.6.0-SNAPSHOT
[11:30:43] [Server thread/INFO]: [Geyser-Spigot] Shutting down Geyser.
[11:30:43] [Server thread/INFO]: [Geyser-Spigot] Geyser shutdown successfully.
[11:30:43] [Server thread/INFO]: [WorldEdit] Disabling WorldEdit v7.3.9+6959-7adf70b
[11:30:43] [Server thread/INFO]: Unregistering com.sk89q.worldedit.bukkit.BukkitServerInterface from WorldEdit
[11:30:43] [Server thread/INFO]: [spark] Disabling spark v1.10.121
[11:30:43] [Server thread/INFO]: [ViaVersion] Disabling ViaVersion v5.2.0
[11:30:43] [Server thread/INFO]: [ViaVersion] ViaVersion has been disabled; uninjected the platform and shut down the scheduler.
[11:30:43] [Server thread/INFO]: [floodgate] Disabling floodgate v2.2.3-SNAPSHOT (b114-83fbd6e)
[11:30:43] [Server thread/INFO]: Saving players
[11:30:43] [Server thread/INFO]: Saving worlds
[11:30:43] [Server thread/INFO]: Saving chunks for level 'ServerLevel[world]'/minecraft:overworld
[11:30:43] [Server thread/INFO]: [ChunkHolderManager] Waiting 60s for chunk system to halt for world 'world'
[11:30:43] [Server thread/INFO]: [ChunkHolderManager] Halted chunk system for world 'world'
[11:30:43] [Server thread/INFO]: [ChunkHolderManager] Saving all chunkholders for world 'world'
[11:30:43] [WebSocketConnectReadThread-106/INFO]: [Geyser-Spigot] The skin uploader has been closed
[11:30:44] [Server thread/INFO]: [ChunkHolderManager] Saved 529 block chunks, 529 entity chunks, 0 poi chunks in world 'world' in 0.89s
[11:30:44] [Server thread/INFO]: ThreadedAnvilChunkStorage (world): All chunks are saved
[11:30:44] [Server thread/INFO]: Saving chunks for level 'ServerLevel[world_nether]'/minecraft:the_nether
[11:30:44] [Server thread/INFO]: [ChunkHolderManager] Waiting 60s for chunk system to halt for world 'world_nether'
[11:30:44] [Server thread/INFO]: [ChunkHolderManager] Halted chunk system for world 'world_nether'
[11:30:44] [Server thread/INFO]: [ChunkHolderManager] Saving all chunkholders for world 'world_nether'
[11:30:45] [Server thread/INFO]: [ChunkHolderManager] Saved 529 block chunks, 529 entity chunks, 0 poi chunks in world 'world_nether' in 0.47s
[11:30:45] [Server thread/INFO]: ThreadedAnvilChunkStorage (DIM-1): All chunks are saved
[11:30:45] [Server thread/INFO]: Saving chunks for level 'ServerLevel[world_the_end]'/minecraft:the_end
[11:30:45] [Server thread/INFO]: [ChunkHolderManager] Waiting 60s for chunk system to halt for world 'world_the_end'
[11:30:45] [Server thread/INFO]: [ChunkHolderManager] Halted chunk system for world 'world_the_end'
[11:30:45] [Server thread/INFO]: [ChunkHolderManager] Saving all chunkholders for world 'world_the_end'
[11:30:45] [Server thread/INFO]: [ChunkHolderManager] Saved 529 block chunks, 529 entity chunks, 0 poi chunks in world 'world_the_end' in 0.10s
[11:30:45] [Server thread/INFO]: ThreadedAnvilChunkStorage (DIM1): All chunks are saved
[11:30:45] [Server thread/INFO]: ThreadedAnvilChunkStorage: All dimensions are saved
[11:30:45] [Server thread/INFO]: Flushing Chunk IO
[11:30:45] [Server thread/INFO]: Closing Thread Pool
[11:30:45] [Server thread/INFO]: Closing Server
